TN:
SF:/Users/Skyward/Documents/every/index.js
FN:1,(anonymous_1)
FN:13,(anonymous_2)
FN:25,(anonymous_3)
FN:39,(anonymous_4)
FN:53,(anonymous_5)
FNF:5
FNH:5
FNDA:2,(anonymous_1)
FNDA:2,(anonymous_2)
FNDA:2,(anonymous_3)
FNDA:2,(anonymous_4)
FNDA:1,(anonymous_5)
DA:1,1
DA:2,2
DA:3,2
DA:4,2
DA:5,2
DA:6,0
DA:10,2
DA:13,1
DA:14,2
DA:15,2
DA:16,2
DA:17,2
DA:18,2
DA:22,0
DA:25,1
DA:26,2
DA:27,2
DA:28,2
DA:29,2
DA:30,2
DA:31,0
DA:36,2
DA:39,1
DA:40,2
DA:41,2
DA:42,2
DA:43,2
DA:44,2
DA:45,0
DA:50,2
DA:53,1
DA:54,1
LF:32
LH:28
BRDA:5,1,0,0
BRDA:5,1,1,2
BRDA:17,2,0,2
BRDA:17,2,1,0
BRDA:30,3,0,0
BRDA:30,3,1,2
BRDA:44,4,0,0
BRDA:44,4,1,2
BRDA:54,5,0,1
BRDA:54,5,1,1
BRDA:54,5,2,1
BRDA:54,5,3,1
BRF:12
BRH:8
end_of_record
